c:\users\chris\source\repos\systemgl\systemgl\x64\debug\systemglstringutil.h.ifc
c:\users\chris\source\repos\systemgl\systemgl\x64\debug\systemglstringutil.h.ifc.d.json
c:\users\chris\source\repos\systemgl\systemgl\x64\debug\systemglstringutil.h.obj
c:\users\chris\source\repos\systemgl\systemgl\x64\debug\vc145.pdb
c:\users\chris\source\repos\systemgl\systemgl\x64\debug\vc145.idb
c:\users\chris\source\repos\systemgl\systemgl\x64\debug\systemglstringutil.obj
c:\users\chris\source\repos\systemgl\systemgl\x64\debug\systemglmath.obj
c:\users\chris\source\repos\systemgl\systemgl\x64\debug\system.obj
c:\users\chris\source\repos\systemgl\systemgl\x64\debug\stateio.obj
c:\users\chris\source\repos\systemgl\systemgl\x64\debug\source.obj
c:\users\chris\source\repos\systemgl\systemgl\x64\debug\simulation.obj
c:\users\chris\source\repos\systemgl\systemgl\x64\debug\shader.obj
c:\users\chris\source\repos\systemgl\systemgl\x64\debug\pressuresystem.obj
c:\users\chris\source\repos\systemgl\systemgl\x64\debug\pressuresimulation.obj
c:\users\chris\source\repos\systemgl\systemgl\x64\debug\particle.obj
c:\users\chris\source\repos\systemgl\systemgl\x64\debug\mesh.obj
c:\users\chris\source\repos\systemgl\systemgl\x64\debug\glad.obj
c:\users\chris\source\repos\systemgl\x64\debug\systemgl.exe
c:\users\chris\source\repos\systemgl\x64\debug\systemgl.pdb
c:\users\chris\source\repos\systemgl\systemgl\x64\debug\systemglstringutil.h.module.json
c:\users\chris\source\repos\systemgl\systemgl\x64\debug\systemgl.ilk
c:\users\chris\source\repos\systemgl\systemgl\x64\debug\systemgl.tlog\cl.command.1.tlog
c:\users\chris\source\repos\systemgl\systemgl\x64\debug\systemgl.tlog\cl.items.tlog
c:\users\chris\source\repos\systemgl\systemgl\x64\debug\systemgl.tlog\cl.read.1.tlog
c:\users\chris\source\repos\systemgl\systemgl\x64\debug\systemgl.tlog\cl.write.1.tlog
c:\users\chris\source\repos\systemgl\systemgl\x64\debug\systemgl.tlog\link.command.1.tlog
c:\users\chris\source\repos\systemgl\systemgl\x64\debug\systemgl.tlog\link.read.1.tlog
c:\users\chris\source\repos\systemgl\systemgl\x64\debug\systemgl.tlog\link.secondary.1.tlog
c:\users\chris\source\repos\systemgl\systemgl\x64\debug\systemgl.tlog\link.write.1.tlog
c:\users\chris\source\repos\systemgl\systemgl\x64\debug\systemgl_md.tlog\cl.command.1.tlog
c:\users\chris\source\repos\systemgl\systemgl\x64\debug\systemgl_md.tlog\microsoft.build.cpptasks.cl.read.1.tlog
c:\users\chris\source\repos\systemgl\systemgl\x64\debug\systemgl_md.tlog\microsoft.build.cpptasks.cl.write.1.tlog
