  Scanning sources for module dependencies...
  SystemGLStringUtil.h
  Compiling...
  SystemGLStringUtil.h
  glad.c
  Mesh.cpp
  Particle.cpp
  PressureSimulation.cpp
C:\Users\chris\source\repos\SystemGL\SystemGL\src\PressureSimulation.cpp(16,26): error C2511: 'void PressureSimulation::run(long double,long double,std::ofstream &)': overloaded member function not found in 'PressureSimulation'
      C:\Users\chris\source\repos\SystemGL\SystemGL\include\PressureSimulation.h(10,7):
      see declaration of 'PressureSimulation'
  
C:\Users\chris\source\repos\SystemGL\SystemGL\src\PressureSimulation.cpp(19,9): error C2597: illegal reference to non-static member 'Simulation::file'
      C:\Users\chris\source\repos\SystemGL\SystemGL\include\Simulation.h(29,14):
      see declaration of 'Simulation::file'
  
C:\Users\chris\source\repos\SystemGL\SystemGL\src\PressureSimulation.cpp(20,11): error C2597: illegal reference to non-static member 'PressureSimulation::impulseFile'
      C:\Users\chris\source\repos\SystemGL\SystemGL\include\PressureSimulation.h(27,14):
      see declaration of 'PressureSimulation::impulseFile'
  
C:\Users\chris\source\repos\SystemGL\SystemGL\src\PressureSimulation.cpp(23,27): error C2352: 'Simulation::getScaledTime': a call of a non-static member function requires an object
      C:\Users\chris\source\repos\SystemGL\SystemGL\include\Simulation.h(39,14):
      see declaration of 'Simulation::getScaledTime'
  
C:\Users\chris\source\repos\SystemGL\SystemGL\src\PressureSimulation.cpp(34,9): error C2352: 'Simulation::getScaledTime': a call of a non-static member function requires an object
      C:\Users\chris\source\repos\SystemGL\SystemGL\include\Simulation.h(39,14):
      see declaration of 'Simulation::getScaledTime'
  
C:\Users\chris\source\repos\SystemGL\SystemGL\src\PressureSimulation.cpp(36,7): error C2352: 'Simulation::getScaledTime': a call of a non-static member function requires an object
      C:\Users\chris\source\repos\SystemGL\SystemGL\include\Simulation.h(39,14):
      see declaration of 'Simulation::getScaledTime'
  
C:\Users\chris\source\repos\SystemGL\SystemGL\src\PressureSimulation.cpp(65,17): error C2352: 'Simulation::getScaledTime': a call of a non-static member function requires an object
      C:\Users\chris\source\repos\SystemGL\SystemGL\include\Simulation.h(39,14):
      see declaration of 'Simulation::getScaledTime'
  
C:\Users\chris\source\repos\SystemGL\SystemGL\src\PressureSimulation.cpp(67,4): error C2352: 'Simulation::printLine2File': a call of a non-static member function requires an object
      C:\Users\chris\source\repos\SystemGL\SystemGL\include\Simulation.h(50,7):
      see declaration of 'Simulation::printLine2File'
  
C:\Users\chris\source\repos\SystemGL\SystemGL\src\PressureSimulation.cpp(69,52): error C2352: 'Simulation::getScaledTime': a call of a non-static member function requires an object
      C:\Users\chris\source\repos\SystemGL\SystemGL\include\Simulation.h(39,14):
      see declaration of 'Simulation::getScaledTime'
  
C:\Users\chris\source\repos\SystemGL\SystemGL\src\PressureSimulation.cpp(101,2): error C2352: 'Simulation::printLine2File': a call of a non-static member function requires an object
      C:\Users\chris\source\repos\SystemGL\SystemGL\include\Simulation.h(50,7):
      see declaration of 'Simulation::printLine2File'
  
  PressureSystem.cpp
  Shader.cpp
  Simulation.cpp
  Source.cpp
  StateIO.cpp
  System.cpp
  SystemGLMath.cpp
  SystemGLStringUtil.cpp
  Generating Code...
