c:\users\chris\source\repos\systemgl\x64\debug\systemglcore.pdb
c:\users\chris\source\repos\systemgl\x64\debug\systemglcore.idb
c:\users\chris\source\repos\systemgl\systemglcore\x64\debug\systemglcore.obj
c:\users\chris\source\repos\systemgl\systemglcore\x64\debug\systemglstringutil.obj
c:\users\chris\source\repos\systemgl\systemglcore\x64\debug\systemglmath.obj
c:\users\chris\source\repos\systemgl\systemglcore\x64\debug\system.obj
c:\users\chris\source\repos\systemgl\systemglcore\x64\debug\stateio.obj
c:\users\chris\source\repos\systemgl\systemglcore\x64\debug\simulation.obj
c:\users\chris\source\repos\systemgl\systemglcore\x64\debug\shader.obj
c:\users\chris\source\repos\systemgl\systemglcore\x64\debug\pressuresystem.obj
c:\users\chris\source\repos\systemgl\systemglcore\x64\debug\pressuresimulation.obj
c:\users\chris\source\repos\systemgl\systemglcore\x64\debug\particle.obj
c:\users\chris\source\repos\systemgl\systemglcore\x64\debug\mesh.obj
c:\users\chris\source\repos\systemgl\systemglcore\x64\debug\interaction2.obj
c:\users\chris\source\repos\systemgl\systemglcore\x64\debug\camera.obj
c:\users\chris\source\repos\systemgl\systemglcore\x64\debug\colorharmonies.obj
c:\users\chris\source\repos\systemgl\systemglcore\x64\debug\systemglcore.pch
c:\users\chris\source\repos\systemgl\systemglcore\x64\debug\pch.obj
c:\users\chris\source\repos\systemgl\x64\debug\systemglcore.lib
c:\users\chris\source\repos\systemgl\systemglcore\x64\debug\systemglcore.tlog\cl.command.1.tlog
c:\users\chris\source\repos\systemgl\systemglcore\x64\debug\systemglcore.tlog\cl.items.tlog
c:\users\chris\source\repos\systemgl\systemglcore\x64\debug\systemglcore.tlog\cl.read.1.tlog
c:\users\chris\source\repos\systemgl\systemglcore\x64\debug\systemglcore.tlog\cl.write.1.tlog
c:\users\chris\source\repos\systemgl\systemglcore\x64\debug\systemglcore.tlog\lib-link.read.1.tlog
c:\users\chris\source\repos\systemgl\systemglcore\x64\debug\systemglcore.tlog\lib-link.write.1.tlog
c:\users\chris\source\repos\systemgl\systemglcore\x64\debug\systemglcore.tlog\lib.command.1.tlog
